0 info it worked if it ends with ok
1 verbose cli [ 'C:\\Program Files\\nodejs\\node.exe',
1 verbose cli   'C:\\Users\\1\\AppData\\Roaming\\npm\\node_modules\\cnpm\\node_modules\\npm\\bin\\npm-cli.js',
1 verbose cli   '--userconfig=C:\\Users\\1\\.cnpmrc',
1 verbose cli   '--disturl=https://npm.taobao.org/mirrors/node',
1 verbose cli   '--registry=https://registry.npm.taobao.org',
1 verbose cli   'uninstall',
1 verbose cli   '-g',
1 verbose cli   'fis-prepackager-auto-pack' ]
2 info using npm@3.10.5
3 info using node@v6.1.0
4 silly loadCurrentTree Starting
5 silly install loadCurrentTree
6 silly install readGlobalPackageData
7 silly install normalizeTree
8 silly loadCurrentTree Finishing
9 silly loadIdealTree Starting
10 silly install loadIdealTree
11 silly cloneCurrentTree Starting
12 silly install cloneCurrentTreeToIdealTree
13 silly cloneCurrentTree Finishing
14 silly loadShrinkwrap Starting
15 silly install loadShrinkwrap
16 silly loadShrinkwrap Finishing
17 silly loadAllDepsIntoIdealTree Starting
18 silly uninstall loadAllDepsIntoIdealtree
19 silly loadAllDepsIntoIdealTree Finishing
20 silly loadIdealTree Finishing
21 silly currentTree nodejs
22 silly idealTree nodejs
23 silly generateActionsToTake Starting
24 silly install generateActionsToTake
25 silly generateActionsToTake Finishing
26 silly diffTrees action count 0
27 silly decomposeActions action count 0
28 silly executeActions Starting
29 silly install executeActions
30 silly doSerial global-install 0
31 silly doParallel fetch 0
32 verbose correctMkdir C:\Users\1\AppData\Roaming\npm-cache\_locks correctMkdir not in flight; initializing
33 verbose lock using C:\Users\1\AppData\Roaming\npm-cache\_locks\staging-dfd8fbf9c1feea0f.lock for C:\Program Files\nodejs\node_modules\.staging
34 verbose unlock done using C:\Users\1\AppData\Roaming\npm-cache\_locks\staging-dfd8fbf9c1feea0f.lock for C:\Program Files\nodejs\node_modules\.staging
35 silly rollbackFailedOptional Starting
36 silly rollbackFailedOptional Finishing
37 silly runTopLevelLifecycles Starting
38 silly runTopLevelLifecycles Finishing
39 silly install printInstalled
40 verbose stack Error: EPERM: operation not permitted, mkdir 'C:\Program Files\nodejs\node_modules\.staging'
40 verbose stack     at Error (native)
41 verbose cwd D:\myyog2\myApp1
42 error Windows_NT 10.0.10240
43 error argv "C:\\Program Files\\nodejs\\node.exe" "C:\\Users\\1\\AppData\\Roaming\\npm\\node_modules\\cnpm\\node_modules\\npm\\bin\\npm-cli.js" "--userconfig=C:\\Users\\1\\.cnpmrc" "--disturl=https://npm.taobao.org/mirrors/node" "--registry=https://registry.npm.taobao.org" "uninstall" "-g" "fis-prepackager-auto-pack"
44 error node v6.1.0
45 error npm  v3.10.5
46 error path C:\Program Files\nodejs\node_modules\.staging
47 error code EPERM
48 error errno -4048
49 error syscall mkdir
50 error Error: EPERM: operation not permitted, mkdir 'C:\Program Files\nodejs\node_modules\.staging'
50 error     at Error (native)
50 error  { Error: EPERM: operation not permitted, mkdir 'C:\Program Files\nodejs\node_modules\.staging'
50 error     at Error (native)
50 error   errno: -4048,
50 error   code: 'EPERM',
50 error   syscall: 'mkdir',
50 error   path: 'C:\\Program Files\\nodejs\\node_modules\\.staging' }
51 error Please try running this command again as root/Administrator.
52 verbose exit [ -4048, true ]
